<?xml version="1.0" encoding="UTF-8"?>
<!-- Generated by org.testng.reporters.JUnitReportReporter -->
<testsuite hostname="LAPTOP-F5J1JPC3" failures="0" tests="2" name="testCases.TC001_Category" time="9.124" errors="0" timestamp="2025-07-06T15:09:49 IST" skipped="0">
  <testcase classname="testCases.TC001_Category" name="test_AddCategory" time="8.788"/>
  <testcase classname="testCases.TC001_Category" name="test_DeleteCategory" time="0.336"/>
</testsuite> <!-- testCases.TC001_Category -->
