<?xml version="1.0" encoding="UTF-8"?>
<!-- Generated by org.testng.reporters.JUnitReportReporter -->
<testsuite hostname="LAPTOP-F5J1JPC3" failures="0" tests="3" name="testCases.TC002_CategoryDD" time="26.754" errors="0" timestamp="2025-07-06T21:23:27 IST" skipped="0">
  <testcase classname="testCases.TC002_CategoryDD" name="test_AddCategory" time="8.959"/>
  <testcase classname="testCases.TC002_CategoryDD" name="test_AddCategory" time="8.878"/>
  <testcase classname="testCases.TC002_CategoryDD" name="test_AddCategory" time="8.917"/>
</testsuite> <!-- testCases.TC002_CategoryDD -->
