<?xml version="1.0" encoding="UTF-8"?>
<!-- Generated by org.testng.reporters.JUnitReportReporter -->
<testsuite hostname="LAPTOP-F5J1JPC3" failures="0" tests="1" name="testCases.TC003_LoginDD" time="0.010" errors="0" timestamp="2025-07-05T21:16:01 IST" skipped="0">
  <testcase classname="testCases.TC003_LoginDD" name="test_AccountRegistration" time="0.010"/>
</testsuite> <!-- testCases.TC003_LoginDD -->
